2025-08-07 23:20:04.000 PERFORMANCE - NETWORK_LATENCY: External API call latency: 168ms
2025-08-08 01:50:23.000 PERFORMANCE - MEMORY_USAGE: Heap memory usage: 79% (1044MB)
2025-08-07 23:50:50.000 PERFORMANCE - NETWORK_LATENCY: External API call latency: 105ms
2025-08-07 19:54:44.000 PERFORMANCE - NETWORK_LATENCY: External API call latency: 837ms
2025-08-08 03:06:46.000 PERFORMANCE - THREAD_POOL: Active threads: 105/157
2025-08-08 03:09:54.000 PERFORMANCE - CONNECTION_POOL: Database connections: 18/58
2025-08-08 03:15:38.000 PERFORMANCE - GARBAGE_COLLECTION: GC completed in 372ms, freed 353MB
2025-08-08 02:00:53.000 PERFORMANCE - DATABASE_QUERY: SELECT query executed in 1084ms
2025-08-07 19:35:52.000 PERFORMANCE - NETWORK_LATENCY: External API call latency: 168ms
2025-08-07 19:37:08.000 PERFORMANCE - MEMORY_USAGE: Heap memory usage: 45% (1218MB)
2025-08-08 02:02:18.000 PERFORMANCE - CONNECTION_POOL: Database connections: 9/50
2025-08-08 02:20:37.000 PERFORMANCE - RESPONSE_TIME: /api/v1/users endpoint responded in 708ms
2025-08-07 23:55:24.000 PERFORMANCE - CPU_UTILIZATION: System CPU usage: 20%
2025-08-07 22:16:32.000 PERFORMANCE - CPU_UTILIZATION: System CPU usage: 42%
2025-08-08 03:15:23.000 PERFORMANCE - DATABASE_QUERY: SELECT query executed in 4892ms
2025-08-07 19:14:24.000 PERFORMANCE - CONNECTION_POOL: Database connections: 20/57
2025-08-07 22:24:09.000 PERFORMANCE - THREAD_POOL: Active threads: 11/159
2025-08-07 20:04:16.000 PERFORMANCE - RESPONSE_TIME: /api/v1/users endpoint responded in 1311ms
2025-08-07 18:49:31.000 PERFORMANCE - DATABASE_QUERY: SELECT query executed in 4423ms
2025-08-08 02:50:43.000 PERFORMANCE - RESPONSE_TIME: /api/v1/users endpoint responded in 906ms
2025-08-08 00:37:23.000 PERFORMANCE - CACHE_HIT_RATE: Cache hit rate for last hour: 72%
2025-08-07 20:31:45.000 PERFORMANCE - THREAD_POOL: Active threads: 14/157
2025-08-07 23:06:16.000 PERFORMANCE - CACHE_HIT_RATE: Cache hit rate for last hour: 68%
2025-08-07 18:49:28.000 PERFORMANCE - MEMORY_USAGE: Heap memory usage: 36% (1339MB)
2025-08-07 18:50:12.000 PERFORMANCE - CACHE_HIT_RATE: Cache hit rate for last hour: 84%
2025-08-08 03:34:47.000 PERFORMANCE - DISK_IO: Disk read/write: 408MB/s
2025-08-07 23:53:08.000 PERFORMANCE - CPU_UTILIZATION: System CPU usage: 48%
2025-08-07 20:31:58.000 PERFORMANCE - NETWORK_LATENCY: External API call latency: 170ms
2025-08-08 03:31:51.000 PERFORMANCE - GARBAGE_COLLECTION: GC completed in 517ms, freed 192MB
2025-08-08 01:36:24.000 PERFORMANCE - CONNECTION_POOL: Database connections: 12/57
2025-08-07 20:23:09.000 PERFORMANCE - RESPONSE_TIME: /api/v1/users endpoint responded in 2048ms
2025-08-07 21:07:17.000 PERFORMANCE - THREAD_POOL: Active threads: 55/171
2025-08-07 20:57:50.000 PERFORMANCE - DATABASE_QUERY: SELECT query executed in 2854ms
2025-08-07 20:14:25.000 PERFORMANCE - NETWORK_LATENCY: External API call latency: 390ms
2025-08-07 21:08:37.000 PERFORMANCE - DATABASE_QUERY: SELECT query executed in 1002ms
2025-08-08 00:44:50.000 PERFORMANCE - NETWORK_LATENCY: External API call latency: 1022ms
2025-08-07 20:51:09.000 PERFORMANCE - CACHE_HIT_RATE: Cache hit rate for last hour: 80%
2025-08-07 20:04:38.000 PERFORMANCE - NETWORK_LATENCY: External API call latency: 717ms
2025-08-08 00:05:05.000 PERFORMANCE - THREAD_POOL: Active threads: 30/180
2025-08-07 20:23:17.000 PERFORMANCE - NETWORK_LATENCY: External API call latency: 602ms
2025-08-07 19:16:21.000 PERFORMANCE - THREAD_POOL: Active threads: 40/170
2025-08-07 23:14:45.000 PERFORMANCE - CONNECTION_POOL: Database connections: 6/56
2025-08-07 22:00:15.000 PERFORMANCE - GARBAGE_COLLECTION: GC completed in 323ms, freed 319MB
2025-08-08 01:44:32.000 PERFORMANCE - MEMORY_USAGE: Heap memory usage: 52% (1119MB)
2025-08-07 20:55:30.000 PERFORMANCE - GARBAGE_COLLECTION: GC completed in 507ms, freed 265MB
2025-08-08 02:31:56.000 PERFORMANCE - RESPONSE_TIME: /api/v1/users endpoint responded in 1017ms
2025-08-07 22:37:12.000 PERFORMANCE - MEMORY_USAGE: Heap memory usage: 46% (1924MB)
2025-08-08 03:04:41.000 PERFORMANCE - CONNECTION_POOL: Database connections: 10/59
2025-08-08 01:55:36.000 PERFORMANCE - NETWORK_LATENCY: External API call latency: 481ms
2025-08-07 22:08:31.000 PERFORMANCE - CPU_UTILIZATION: System CPU usage: 47%
2025-08-07 23:08:10.000 PERFORMANCE - NETWORK_LATENCY: External API call latency: 547ms
2025-08-08 03:04:16.000 PERFORMANCE - CPU_UTILIZATION: System CPU usage: 53%
2025-08-07 20:05:43.000 PERFORMANCE - THREAD_POOL: Active threads: 23/183
2025-08-07 18:56:11.000 PERFORMANCE - RESPONSE_TIME: /api/v1/users endpoint responded in 1655ms
2025-08-08 01:50:37.000 PERFORMANCE - MEMORY_USAGE: Heap memory usage: 77% (1790MB)
2025-08-07 22:52:29.000 PERFORMANCE - RESPONSE_TIME: /api/v1/users endpoint responded in 1537ms
2025-08-08 00:44:26.000 PERFORMANCE - DISK_IO: Disk read/write: 1011MB/s
2025-08-07 21:20:14.000 PERFORMANCE - DISK_IO: Disk read/write: 471MB/s
2025-08-08 02:11:24.000 PERFORMANCE - NETWORK_LATENCY: External API call latency: 391ms
2025-08-07 23:22:34.000 PERFORMANCE - CACHE_HIT_RATE: Cache hit rate for last hour: 86%
2025-08-08 02:32:04.000 PERFORMANCE - GARBAGE_COLLECTION: GC completed in 91ms, freed 434MB
2025-08-07 21:19:31.000 PERFORMANCE - GARBAGE_COLLECTION: GC completed in 230ms, freed 259MB
2025-08-07 21:40:44.000 PERFORMANCE - CACHE_HIT_RATE: Cache hit rate for last hour: 83%
2025-08-07 20:44:06.000 PERFORMANCE - RESPONSE_TIME: /api/v1/users endpoint responded in 1289ms
2025-08-07 23:49:45.000 PERFORMANCE - CACHE_HIT_RATE: Cache hit rate for last hour: 82%
2025-08-07 20:07:42.000 PERFORMANCE - THREAD_POOL: Active threads: 24/156
2025-08-07 22:50:24.000 PERFORMANCE - DATABASE_QUERY: SELECT query executed in 623ms
2025-08-08 03:27:21.000 PERFORMANCE - THREAD_POOL: Active threads: 53/176
2025-08-08 02:43:18.000 PERFORMANCE - GARBAGE_COLLECTION: GC completed in 65ms, freed 186MB
2025-08-07 18:45:58.000 PERFORMANCE - GARBAGE_COLLECTION: GC completed in 78ms, freed 418MB
2025-08-07 19:28:22.000 PERFORMANCE - CACHE_HIT_RATE: Cache hit rate for last hour: 71%
2025-08-07 22:44:05.000 PERFORMANCE - CACHE_HIT_RATE: Cache hit rate for last hour: 84%
2025-08-08 00:49:02.000 PERFORMANCE - RESPONSE_TIME: /api/v1/users endpoint responded in 164ms
2025-08-08 02:21:57.000 PERFORMANCE - NETWORK_LATENCY: External API call latency: 304ms
2025-08-07 21:54:40.000 PERFORMANCE - CACHE_HIT_RATE: Cache hit rate for last hour: 79%
2025-08-07 21:19:57.000 PERFORMANCE - RESPONSE_TIME: /api/v1/users endpoint responded in 648ms
2025-08-07 21:52:14.000 PERFORMANCE - RESPONSE_TIME: /api/v1/users endpoint responded in 668ms
2025-08-07 22:38:00.000 PERFORMANCE - NETWORK_LATENCY: External API call latency: 832ms
2025-08-07 18:41:23.000 PERFORMANCE - NETWORK_LATENCY: External API call latency: 375ms
2025-08-08 02:00:44.000 PERFORMANCE - RESPONSE_TIME: /api/v1/users endpoint responded in 1499ms
2025-08-08 00:20:43.000 PERFORMANCE - CPU_UTILIZATION: System CPU usage: 24%
2025-08-07 18:54:17.000 PERFORMANCE - DISK_IO: Disk read/write: 594MB/s
2025-08-07 20:49:38.000 PERFORMANCE - NETWORK_LATENCY: External API call latency: 1063ms
2025-08-08 00:11:32.000 PERFORMANCE - GARBAGE_COLLECTION: GC completed in 324ms, freed 232MB
2025-08-07 20:02:37.000 PERFORMANCE - CACHE_HIT_RATE: Cache hit rate for last hour: 68%
2025-08-08 00:23:48.000 PERFORMANCE - GARBAGE_COLLECTION: GC completed in 282ms, freed 552MB
2025-08-08 00:33:56.000 PERFORMANCE - CACHE_HIT_RATE: Cache hit rate for last hour: 91%
2025-08-08 02:34:18.000 PERFORMANCE - DATABASE_QUERY: SELECT query executed in 4761ms
2025-08-08 02:59:37.000 PERFORMANCE - CPU_UTILIZATION: System CPU usage: 35%
2025-08-08 00:54:11.000 PERFORMANCE - DISK_IO: Disk read/write: 970MB/s
2025-08-07 18:38:46.000 PERFORMANCE - NETWORK_LATENCY: External API call latency: 1089ms
2025-08-08 00:22:45.000 PERFORMANCE - MEMORY_USAGE: Heap memory usage: 57% (715MB)
2025-08-08 03:35:04.000 PERFORMANCE - RESPONSE_TIME: /api/v1/users endpoint responded in 1382ms
2025-08-07 23:54:14.000 PERFORMANCE - DATABASE_QUERY: SELECT query executed in 4638ms
2025-08-07 20:45:55.000 PERFORMANCE - MEMORY_USAGE: Heap memory usage: 60% (1667MB)
2025-08-08 02:53:41.000 PERFORMANCE - NETWORK_LATENCY: External API call latency: 969ms
2025-08-07 21:16:05.000 PERFORMANCE - GARBAGE_COLLECTION: GC completed in 529ms, freed 516MB
2025-08-08 02:25:07.000 PERFORMANCE - MEMORY_USAGE: Heap memory usage: 54% (501MB)
2025-08-08 01:33:06.000 PERFORMANCE - NETWORK_LATENCY: External API call latency: 142ms
2025-08-07 22:46:14.000 PERFORMANCE - CACHE_HIT_RATE: Cache hit rate for last hour: 80%
2025-08-07 23:23:13.000 PERFORMANCE - CPU_UTILIZATION: System CPU usage: 81%
2025-08-08 03:07:17.000 PERFORMANCE - RESPONSE_TIME: /api/v1/users endpoint responded in 1769ms
2025-08-08 00:53:08.000 PERFORMANCE - DATABASE_QUERY: SELECT query executed in 940ms
2025-08-07 19:42:01.000 PERFORMANCE - DISK_IO: Disk read/write: 536MB/s
2025-08-07 23:16:55.000 PERFORMANCE - CPU_UTILIZATION: System CPU usage: 93%
2025-08-07 19:29:59.000 PERFORMANCE - CACHE_HIT_RATE: Cache hit rate for last hour: 78%
2025-08-07 21:01:52.000 PERFORMANCE - CPU_UTILIZATION: System CPU usage: 20%
2025-08-07 19:56:16.000 PERFORMANCE - DATABASE_QUERY: SELECT query executed in 2125ms
2025-08-07 22:34:40.000 PERFORMANCE - CACHE_HIT_RATE: Cache hit rate for last hour: 99%
2025-08-07 20:25:03.000 PERFORMANCE - THREAD_POOL: Active threads: 86/190
2025-08-08 00:29:03.000 PERFORMANCE - MEMORY_USAGE: Heap memory usage: 29% (1839MB)
2025-08-07 23:05:07.000 PERFORMANCE - CPU_UTILIZATION: System CPU usage: 64%
2025-08-07 23:31:08.000 PERFORMANCE - CONNECTION_POOL: Database connections: 9/56
2025-08-08 01:45:59.000 PERFORMANCE - DISK_IO: Disk read/write: 386MB/s
2025-08-07 21:50:35.000 PERFORMANCE - CONNECTION_POOL: Database connections: 8/58
2025-08-07 23:07:22.000 PERFORMANCE - RESPONSE_TIME: /api/v1/users endpoint responded in 1470ms
2025-08-08 02:33:08.000 PERFORMANCE - NETWORK_LATENCY: External API call latency: 995ms
2025-08-07 19:30:14.000 PERFORMANCE - GARBAGE_COLLECTION: GC completed in 168ms, freed 502MB
2025-08-08 02:53:32.000 PERFORMANCE - RESPONSE_TIME: /api/v1/users endpoint responded in 1862ms
2025-08-08 00:29:25.000 PERFORMANCE - CACHE_HIT_RATE: Cache hit rate for last hour: 73%
2025-08-08 02:39:21.000 PERFORMANCE - DATABASE_QUERY: SELECT query executed in 4132ms
2025-08-07 21:53:16.000 PERFORMANCE - CONNECTION_POOL: Database connections: 8/56
2025-08-08 00:22:53.000 PERFORMANCE - RESPONSE_TIME: /api/v1/users endpoint responded in 1435ms
2025-08-08 01:27:17.000 PERFORMANCE - DISK_IO: Disk read/write: 951MB/s
2025-08-07 19:20:32.000 PERFORMANCE - MEMORY_USAGE: Heap memory usage: 76% (2258MB)
2025-08-07 20:08:04.000 PERFORMANCE - NETWORK_LATENCY: External API call latency: 425ms
2025-08-07 22:08:30.000 PERFORMANCE - GARBAGE_COLLECTION: GC completed in 542ms, freed 196MB
2025-08-07 19:33:29.000 PERFORMANCE - DATABASE_QUERY: SELECT query executed in 3779ms
2025-08-08 00:06:15.000 PERFORMANCE - MEMORY_USAGE: Heap memory usage: 36% (1841MB)
2025-08-07 21:00:01.000 PERFORMANCE - GARBAGE_COLLECTION: GC completed in 150ms, freed 112MB
2025-08-08 01:37:34.000 PERFORMANCE - MEMORY_USAGE: Heap memory usage: 73% (1199MB)
2025-08-07 20:15:06.000 PERFORMANCE - NETWORK_LATENCY: External API call latency: 492ms
2025-08-07 23:14:14.000 PERFORMANCE - RESPONSE_TIME: /api/v1/users endpoint responded in 1623ms
2025-08-07 20:54:23.000 PERFORMANCE - DISK_IO: Disk read/write: 198MB/s
2025-08-07 20:46:23.000 PERFORMANCE - DATABASE_QUERY: SELECT query executed in 3044ms
2025-08-07 19:34:11.000 PERFORMANCE - CACHE_HIT_RATE: Cache hit rate for last hour: 84%
2025-08-07 19:36:11.000 PERFORMANCE - CACHE_HIT_RATE: Cache hit rate for last hour: 90%
2025-08-07 19:52:16.000 PERFORMANCE - NETWORK_LATENCY: External API call latency: 538ms
2025-08-08 02:12:24.000 PERFORMANCE - THREAD_POOL: Active threads: 98/154
2025-08-08 00:19:32.000 PERFORMANCE - THREAD_POOL: Active threads: 74/153
2025-08-07 21:16:17.000 PERFORMANCE - NETWORK_LATENCY: External API call latency: 910ms
2025-08-08 00:33:42.000 PERFORMANCE - MEMORY_USAGE: Heap memory usage: 51% (1445MB)
2025-08-08 02:41:48.000 PERFORMANCE - THREAD_POOL: Active threads: 38/176
2025-08-07 19:59:10.000 PERFORMANCE - CONNECTION_POOL: Database connections: 7/54
2025-08-07 22:42:28.000 PERFORMANCE - MEMORY_USAGE: Heap memory usage: 77% (1867MB)
2025-08-08 02:20:36.000 PERFORMANCE - CONNECTION_POOL: Database connections: 12/59
2025-08-08 00:45:35.000 PERFORMANCE - NETWORK_LATENCY: External API call latency: 427ms
2025-08-07 20:04:41.000 PERFORMANCE - THREAD_POOL: Active threads: 25/164
2025-08-07 22:42:09.000 PERFORMANCE - MEMORY_USAGE: Heap memory usage: 56% (1825MB)
2025-08-07 19:17:59.000 PERFORMANCE - CACHE_HIT_RATE: Cache hit rate for last hour: 70%
2025-08-08 02:35:27.000 PERFORMANCE - DATABASE_QUERY: SELECT query executed in 2704ms
2025-08-08 01:52:22.000 PERFORMANCE - DISK_IO: Disk read/write: 333MB/s
2025-08-07 20:47:20.000 PERFORMANCE - CPU_UTILIZATION: System CPU usage: 36%
2025-08-08 01:34:39.000 PERFORMANCE - MEMORY_USAGE: Heap memory usage: 91% (1048MB)
2025-08-07 18:52:54.000 PERFORMANCE - CPU_UTILIZATION: System CPU usage: 50%
2025-08-07 21:06:01.000 PERFORMANCE - NETWORK_LATENCY: External API call latency: 724ms
2025-08-07 23:44:06.000 PERFORMANCE - RESPONSE_TIME: /api/v1/users endpoint responded in 114ms
2025-08-07 21:46:55.000 PERFORMANCE - DATABASE_QUERY: SELECT query executed in 4739ms
2025-08-08 01:20:04.000 PERFORMANCE - NETWORK_LATENCY: External API call latency: 298ms
2025-08-07 22:43:11.000 PERFORMANCE - CONNECTION_POOL: Database connections: 6/56
2025-08-07 19:43:37.000 PERFORMANCE - RESPONSE_TIME: /api/v1/users endpoint responded in 1782ms
2025-08-08 01:31:42.000 PERFORMANCE - NETWORK_LATENCY: External API call latency: 947ms
2025-08-07 23:54:05.000 PERFORMANCE - CONNECTION_POOL: Database connections: 14/59
2025-08-07 22:36:40.000 PERFORMANCE - MEMORY_USAGE: Heap memory usage: 35% (523MB)
2025-08-07 22:50:40.000 PERFORMANCE - DISK_IO: Disk read/write: 808MB/s
2025-08-08 02:02:24.000 PERFORMANCE - RESPONSE_TIME: /api/v1/users endpoint responded in 921ms
2025-08-07 20:52:37.000 PERFORMANCE - NETWORK_LATENCY: External API call latency: 697ms
2025-08-08 00:32:46.000 PERFORMANCE - CACHE_HIT_RATE: Cache hit rate for last hour: 78%
2025-08-07 21:36:59.000 PERFORMANCE - CACHE_HIT_RATE: Cache hit rate for last hour: 97%
2025-08-07 19:18:30.000 PERFORMANCE - MEMORY_USAGE: Heap memory usage: 59% (2092MB)
2025-08-07 23:47:33.000 PERFORMANCE - DATABASE_QUERY: SELECT query executed in 135ms
2025-08-07 22:10:19.000 PERFORMANCE - DISK_IO: Disk read/write: 1046MB/s
2025-08-07 19:04:50.000 PERFORMANCE - CACHE_HIT_RATE: Cache hit rate for last hour: 88%
2025-08-07 23:47:26.000 PERFORMANCE - NETWORK_LATENCY: External API call latency: 148ms
2025-08-08 03:01:21.000 PERFORMANCE - CPU_UTILIZATION: System CPU usage: 15%
2025-08-07 20:36:39.000 PERFORMANCE - DISK_IO: Disk read/write: 553MB/s
2025-08-08 03:38:16.000 PERFORMANCE - CACHE_HIT_RATE: Cache hit rate for last hour: 87%
2025-08-07 23:36:01.000 PERFORMANCE - CACHE_HIT_RATE: Cache hit rate for last hour: 63%
2025-08-07 23:25:34.000 PERFORMANCE - CONNECTION_POOL: Database connections: 14/51
2025-08-08 02:37:08.000 PERFORMANCE - THREAD_POOL: Active threads: 83/184
2025-08-07 19:02:57.000 PERFORMANCE - CACHE_HIT_RATE: Cache hit rate for last hour: 65%
2025-08-07 22:53:38.000 PERFORMANCE - CACHE_HIT_RATE: Cache hit rate for last hour: 94%
2025-08-07 23:59:36.000 PERFORMANCE - MEMORY_USAGE: Heap memory usage: 26% (2126MB)
2025-08-08 01:05:10.000 PERFORMANCE - CPU_UTILIZATION: System CPU usage: 79%
2025-08-07 23:17:17.000 PERFORMANCE - CACHE_HIT_RATE: Cache hit rate for last hour: 76%
2025-08-07 23:49:32.000 PERFORMANCE - DATABASE_QUERY: SELECT query executed in 1620ms
2025-08-07 20:04:34.000 PERFORMANCE - CONNECTION_POOL: Database connections: 10/56
2025-08-08 01:15:48.000 PERFORMANCE - RESPONSE_TIME: /api/v1/users endpoint responded in 157ms
2025-08-07 23:29:16.000 PERFORMANCE - GARBAGE_COLLECTION: GC completed in 246ms, freed 290MB
2025-08-08 01:03:52.000 PERFORMANCE - CACHE_HIT_RATE: Cache hit rate for last hour: 78%
2025-08-07 19:04:10.000 PERFORMANCE - CONNECTION_POOL: Database connections: 9/53
2025-08-08 01:26:51.000 PERFORMANCE - NETWORK_LATENCY: External API call latency: 255ms
2025-08-07 19:25:40.000 PERFORMANCE - CONNECTION_POOL: Database connections: 6/57
2025-08-07 22:16:21.000 PERFORMANCE - DISK_IO: Disk read/write: 177MB/s
2025-08-07 21:59:00.000 PERFORMANCE - CONNECTION_POOL: Database connections: 14/52
2025-08-08 01:17:55.000 PERFORMANCE - NETWORK_LATENCY: External API call latency: 635ms
2025-08-07 23:31:08.000 PERFORMANCE - GARBAGE_COLLECTION: GC completed in 166ms, freed 537MB
2025-08-08 01:37:19.000 PERFORMANCE - MEMORY_USAGE: Heap memory usage: 34% (2091MB)
2025-08-08 03:14:21.000 PERFORMANCE - DISK_IO: Disk read/write: 1084MB/s
2025-08-08 00:02:05.000 PERFORMANCE - CONNECTION_POOL: Database connections: 12/57
2025-08-08 01:35:36.000 PERFORMANCE - CACHE_HIT_RATE: Cache hit rate for last hour: 87%
2025-08-07 23:04:30.000 PERFORMANCE - RESPONSE_TIME: /api/v1/users endpoint responded in 1022ms
2025-08-08 03:12:28.000 PERFORMANCE - MEMORY_USAGE: Heap memory usage: 54% (2277MB)
2025-08-07 23:07:03.000 PERFORMANCE - CONNECTION_POOL: Database connections: 20/57
2025-08-07 21:46:15.000 PERFORMANCE - THREAD_POOL: Active threads: 90/184
2025-08-08 02:52:08.000 PERFORMANCE - CPU_UTILIZATION: System CPU usage: 59%
2025-08-08 01:31:18.000 PERFORMANCE - GARBAGE_COLLECTION: GC completed in 173ms, freed 336MB
2025-08-07 22:27:55.000 PERFORMANCE - DISK_IO: Disk read/write: 827MB/s
2025-08-08 01:39:00.000 PERFORMANCE - MEMORY_USAGE: Heap memory usage: 48% (867MB)
2025-08-07 19:13:44.000 PERFORMANCE - DATABASE_QUERY: SELECT query executed in 638ms
2025-08-07 22:44:27.000 PERFORMANCE - CACHE_HIT_RATE: Cache hit rate for last hour: 81%
2025-08-07 20:51:03.000 PERFORMANCE - CONNECTION_POOL: Database connections: 17/52
2025-08-07 21:35:21.000 PERFORMANCE - GARBAGE_COLLECTION: GC completed in 196ms, freed 111MB
2025-08-08 00:17:50.000 PERFORMANCE - THREAD_POOL: Active threads: 47/154
2025-08-08 00:58:46.000 PERFORMANCE - DISK_IO: Disk read/write: 681MB/s
2025-08-08 03:41:30.000 PERFORMANCE - NETWORK_LATENCY: External API call latency: 436ms
2025-08-08 00:36:04.000 PERFORMANCE - NETWORK_LATENCY: External API call latency: 181ms
2025-08-08 01:01:26.000 PERFORMANCE - GARBAGE_COLLECTION: GC completed in 519ms, freed 424MB
2025-08-08 01:12:57.000 PERFORMANCE - RESPONSE_TIME: /api/v1/users endpoint responded in 716ms
2025-08-07 22:39:06.000 PERFORMANCE - GARBAGE_COLLECTION: GC completed in 405ms, freed 287MB
2025-08-07 22:36:19.000 PERFORMANCE - DISK_IO: Disk read/write: 185MB/s
2025-08-07 19:05:37.000 PERFORMANCE - CACHE_HIT_RATE: Cache hit rate for last hour: 92%
2025-08-08 00:45:41.000 PERFORMANCE - CONNECTION_POOL: Database connections: 17/55
2025-08-07 23:50:45.000 PERFORMANCE - RESPONSE_TIME: /api/v1/users endpoint responded in 474ms
2025-08-07 18:41:59.000 PERFORMANCE - CACHE_HIT_RATE: Cache hit rate for last hour: 84%
2025-08-08 00:16:10.000 PERFORMANCE - NETWORK_LATENCY: External API call latency: 976ms
2025-08-08 00:11:59.000 PERFORMANCE - DATABASE_QUERY: SELECT query executed in 233ms
2025-08-07 20:39:55.000 PERFORMANCE - MEMORY_USAGE: Heap memory usage: 54% (1228MB)
2025-08-07 23:36:41.000 PERFORMANCE - THREAD_POOL: Active threads: 67/182
2025-08-07 23:24:31.000 PERFORMANCE - GARBAGE_COLLECTION: GC completed in 356ms, freed 192MB
2025-08-08 01:38:27.000 PERFORMANCE - NETWORK_LATENCY: External API call latency: 690ms
2025-08-07 22:42:54.000 PERFORMANCE - MEMORY_USAGE: Heap memory usage: 46% (2444MB)
2025-08-08 01:46:36.000 PERFORMANCE - MEMORY_USAGE: Heap memory usage: 52% (636MB)
2025-08-08 03:10:01.000 PERFORMANCE - CACHE_HIT_RATE: Cache hit rate for last hour: 89%
2025-08-07 23:19:23.000 PERFORMANCE - MEMORY_USAGE: Heap memory usage: 42% (1138MB)
2025-08-07 18:45:56.000 PERFORMANCE - CPU_UTILIZATION: System CPU usage: 98%
2025-08-07 23:26:46.000 PERFORMANCE - NETWORK_LATENCY: External API call latency: 542ms
2025-08-07 20:29:32.000 PERFORMANCE - GARBAGE_COLLECTION: GC completed in 476ms, freed 415MB
2025-08-08 01:59:18.000 PERFORMANCE - CONNECTION_POOL: Database connections: 7/59
2025-08-07 18:52:48.000 PERFORMANCE - GARBAGE_COLLECTION: GC completed in 212ms, freed 112MB
2025-08-07 21:24:45.000 PERFORMANCE - THREAD_POOL: Active threads: 59/190
2025-08-07 20:13:01.000 PERFORMANCE - CONNECTION_POOL: Database connections: 15/56
2025-08-07 21:38:28.000 PERFORMANCE - RESPONSE_TIME: /api/v1/users endpoint responded in 557ms
2025-08-07 21:32:37.000 PERFORMANCE - MEMORY_USAGE: Heap memory usage: 30% (2140MB)
2025-08-07 19:09:50.000 PERFORMANCE - CACHE_HIT_RATE: Cache hit rate for last hour: 74%
2025-08-07 19:33:20.000 PERFORMANCE - CONNECTION_POOL: Database connections: 14/57
2025-08-08 01:12:40.000 PERFORMANCE - NETWORK_LATENCY: External API call latency: 781ms
2025-08-07 23:16:23.000 PERFORMANCE - DATABASE_QUERY: SELECT query executed in 918ms
2025-08-08 02:06:55.000 PERFORMANCE - CONNECTION_POOL: Database connections: 12/52
2025-08-08 03:22:36.000 PERFORMANCE - MEMORY_USAGE: Heap memory usage: 60% (902MB)
2025-08-08 01:26:47.000 PERFORMANCE - GARBAGE_COLLECTION: GC completed in 213ms, freed 556MB
2025-08-08 02:03:34.000 PERFORMANCE - CONNECTION_POOL: Database connections: 24/59
2025-08-08 01:30:18.000 PERFORMANCE - NETWORK_LATENCY: External API call latency: 1090ms
2025-08-07 21:25:54.000 PERFORMANCE - DATABASE_QUERY: SELECT query executed in 2958ms
2025-08-07 23:04:17.000 PERFORMANCE - NETWORK_LATENCY: External API call latency: 298ms
2025-08-08 02:22:03.000 PERFORMANCE - NETWORK_LATENCY: External API call latency: 570ms
2025-08-07 19:51:43.000 PERFORMANCE - RESPONSE_TIME: /api/v1/users endpoint responded in 1193ms
2025-08-07 22:16:10.000 PERFORMANCE - CACHE_HIT_RATE: Cache hit rate for last hour: 78%
2025-08-07 19:30:56.000 PERFORMANCE - THREAD_POOL: Active threads: 76/164
2025-08-07 22:54:33.000 PERFORMANCE - DISK_IO: Disk read/write: 734MB/s
2025-08-08 02:57:58.000 PERFORMANCE - RESPONSE_TIME: /api/v1/users endpoint responded in 488ms
2025-08-08 01:16:09.000 PERFORMANCE - THREAD_POOL: Active threads: 26/164
2025-08-08 02:26:45.000 PERFORMANCE - CPU_UTILIZATION: System CPU usage: 17%
2025-08-07 22:25:22.000 PERFORMANCE - CACHE_HIT_RATE: Cache hit rate for last hour: 84%
2025-08-07 21:26:29.000 PERFORMANCE - CPU_UTILIZATION: System CPU usage: 19%
2025-08-08 01:14:32.000 PERFORMANCE - THREAD_POOL: Active threads: 58/164
2025-08-08 02:03:18.000 PERFORMANCE - CACHE_HIT_RATE: Cache hit rate for last hour: 60%
2025-08-08 03:32:59.000 PERFORMANCE - GARBAGE_COLLECTION: GC completed in 258ms, freed 284MB
2025-08-07 19:39:47.000 PERFORMANCE - DISK_IO: Disk read/write: 826MB/s
2025-08-08 01:35:27.000 PERFORMANCE - DISK_IO: Disk read/write: 144MB/s
2025-08-08 01:22:16.000 PERFORMANCE - CONNECTION_POOL: Database connections: 7/54
2025-08-07 22:02:43.000 PERFORMANCE - DATABASE_QUERY: SELECT query executed in 2062ms
2025-08-07 19:19:07.000 PERFORMANCE - CONNECTION_POOL: Database connections: 9/58
2025-08-08 02:45:34.000 PERFORMANCE - NETWORK_LATENCY: External API call latency: 102ms
2025-08-07 19:59:33.000 PERFORMANCE - DISK_IO: Disk read/write: 734MB/s
2025-08-08 02:13:43.000 PERFORMANCE - NETWORK_LATENCY: External API call latency: 152ms
2025-08-08 03:17:17.000 PERFORMANCE - CPU_UTILIZATION: System CPU usage: 16%
2025-08-07 18:55:02.000 PERFORMANCE - NETWORK_LATENCY: External API call latency: 640ms
2025-08-07 21:13:57.000 PERFORMANCE - THREAD_POOL: Active threads: 72/199
2025-08-07 19:12:50.000 PERFORMANCE - THREAD_POOL: Active threads: 73/195
2025-08-08 00:15:59.000 PERFORMANCE - CPU_UTILIZATION: System CPU usage: 84%
2025-08-07 20:09:09.000 PERFORMANCE - MEMORY_USAGE: Heap memory usage: 98% (1119MB)
2025-08-08 02:54:11.000 PERFORMANCE - RESPONSE_TIME: /api/v1/users endpoint responded in 1257ms
2025-08-07 21:42:10.000 PERFORMANCE - GARBAGE_COLLECTION: GC completed in 225ms, freed 389MB
2025-08-07 19:20:01.000 PERFORMANCE - CACHE_HIT_RATE: Cache hit rate for last hour: 87%
2025-08-08 02:00:35.000 PERFORMANCE - CACHE_HIT_RATE: Cache hit rate for last hour: 84%
2025-08-07 21:52:56.000 PERFORMANCE - CONNECTION_POOL: Database connections: 8/57
2025-08-08 00:04:35.000 PERFORMANCE - RESPONSE_TIME: /api/v1/users endpoint responded in 1351ms
2025-08-08 02:28:10.000 PERFORMANCE - DATABASE_QUERY: SELECT query executed in 1401ms
2025-08-07 20:07:21.000 PERFORMANCE - CACHE_HIT_RATE: Cache hit rate for last hour: 96%
2025-08-07 21:56:53.000 PERFORMANCE - GARBAGE_COLLECTION: GC completed in 202ms, freed 365MB
2025-08-07 19:06:56.000 PERFORMANCE - THREAD_POOL: Active threads: 85/183
2025-08-07 22:07:42.000 PERFORMANCE - DISK_IO: Disk read/write: 585MB/s
2025-08-07 19:54:35.000 PERFORMANCE - DISK_IO: Disk read/write: 264MB/s
2025-08-07 19:29:58.000 PERFORMANCE - DATABASE_QUERY: SELECT query executed in 231ms
2025-08-07 22:32:47.000 PERFORMANCE - DISK_IO: Disk read/write: 438MB/s
2025-08-08 00:27:26.000 PERFORMANCE - DATABASE_QUERY: SELECT query executed in 1264ms
2025-08-07 22:45:33.000 PERFORMANCE - NETWORK_LATENCY: External API call latency: 127ms
2025-08-07 22:41:00.000 PERFORMANCE - CACHE_HIT_RATE: Cache hit rate for last hour: 87%
2025-08-08 02:08:19.000 PERFORMANCE - NETWORK_LATENCY: External API call latency: 130ms
2025-08-08 03:11:58.000 PERFORMANCE - MEMORY_USAGE: Heap memory usage: 88% (982MB)
2025-08-07 20:11:15.000 PERFORMANCE - RESPONSE_TIME: /api/v1/users endpoint responded in 432ms
2025-08-07 23:49:56.000 PERFORMANCE - CACHE_HIT_RATE: Cache hit rate for last hour: 73%
2025-08-08 00:44:59.000 PERFORMANCE - MEMORY_USAGE: Heap memory usage: 99% (2078MB)
2025-08-07 19:18:26.000 PERFORMANCE - DISK_IO: Disk read/write: 591MB/s
2025-08-07 23:50:00.000 PERFORMANCE - DATABASE_QUERY: SELECT query executed in 1551ms
2025-08-07 19:08:23.000 PERFORMANCE - CPU_UTILIZATION: System CPU usage: 54%
2025-08-07 21:53:31.000 PERFORMANCE - DATABASE_QUERY: SELECT query executed in 2602ms
2025-08-08 03:03:27.000 PERFORMANCE - MEMORY_USAGE: Heap memory usage: 84% (1880MB)
2025-08-07 23:40:51.000 PERFORMANCE - THREAD_POOL: Active threads: 93/193
2025-08-07 19:41:51.000 PERFORMANCE - CONNECTION_POOL: Database connections: 22/51
2025-08-07 23:50:15.000 PERFORMANCE - GARBAGE_COLLECTION: GC completed in 545ms, freed 543MB
2025-08-07 21:39:26.000 PERFORMANCE - DATABASE_QUERY: SELECT query executed in 767ms
2025-08-07 19:54:39.000 PERFORMANCE - CACHE_HIT_RATE: Cache hit rate for last hour: 96%
2025-08-07 23:53:42.000 PERFORMANCE - GARBAGE_COLLECTION: GC completed in 138ms, freed 423MB
2025-08-07 23:59:13.000 PERFORMANCE - DATABASE_QUERY: SELECT query executed in 1120ms
2025-08-07 18:56:52.000 PERFORMANCE - RESPONSE_TIME: /api/v1/users endpoint responded in 994ms
2025-08-07 20:30:53.000 PERFORMANCE - DISK_IO: Disk read/write: 152MB/s
2025-08-08 03:31:53.000 PERFORMANCE - CPU_UTILIZATION: System CPU usage: 76%
2025-08-07 21:04:56.000 PERFORMANCE - DISK_IO: Disk read/write: 355MB/s
2025-08-07 23:28:00.000 PERFORMANCE - DISK_IO: Disk read/write: 942MB/s
2025-08-08 00:41:58.000 PERFORMANCE - CONNECTION_POOL: Database connections: 24/51
2025-08-07 21:57:12.000 PERFORMANCE - CACHE_HIT_RATE: Cache hit rate for last hour: 88%
2025-08-07 18:44:05.000 PERFORMANCE - NETWORK_LATENCY: External API call latency: 875ms
2025-08-08 01:14:01.000 PERFORMANCE - DISK_IO: Disk read/write: 999MB/s
2025-08-07 20:11:15.000 PERFORMANCE - DISK_IO: Disk read/write: 1008MB/s
2025-08-07 20:45:24.000 PERFORMANCE - DATABASE_QUERY: SELECT query executed in 2385ms
2025-08-08 00:44:11.000 PERFORMANCE - CONNECTION_POOL: Database connections: 14/55
2025-08-07 22:42:31.000 PERFORMANCE - MEMORY_USAGE: Heap memory usage: 56% (2078MB)
2025-08-07 21:39:22.000 PERFORMANCE - THREAD_POOL: Active threads: 40/151
2025-08-08 00:22:09.000 PERFORMANCE - THREAD_POOL: Active threads: 77/188
2025-08-08 02:38:49.000 PERFORMANCE - RESPONSE_TIME: /api/v1/users endpoint responded in 203ms
2025-08-07 23:18:31.000 PERFORMANCE - GARBAGE_COLLECTION: GC completed in 421ms, freed 250MB
2025-08-08 01:36:05.000 PERFORMANCE - RESPONSE_TIME: /api/v1/users endpoint responded in 1695ms
2025-08-07 19:59:14.000 PERFORMANCE - THREAD_POOL: Active threads: 79/152
2025-08-08 00:02:13.000 PERFORMANCE - CONNECTION_POOL: Database connections: 6/52
2025-08-08 02:30:09.000 PERFORMANCE - MEMORY_USAGE: Heap memory usage: 44% (1999MB)
2025-08-07 20:45:06.000 PERFORMANCE - CPU_UTILIZATION: System CPU usage: 25%
2025-08-07 23:36:04.000 PERFORMANCE - GARBAGE_COLLECTION: GC completed in 181ms, freed 557MB
2025-08-07 23:19:41.000 PERFORMANCE - CACHE_HIT_RATE: Cache hit rate for last hour: 79%
2025-08-08 00:41:35.000 PERFORMANCE - CACHE_HIT_RATE: Cache hit rate for last hour: 83%
2025-08-07 18:58:34.000 PERFORMANCE - GARBAGE_COLLECTION: GC completed in 322ms, freed 219MB
2025-08-07 23:02:26.000 PERFORMANCE - CACHE_HIT_RATE: Cache hit rate for last hour: 87%
2025-08-07 21:29:09.000 PERFORMANCE - DISK_IO: Disk read/write: 126MB/s
2025-08-07 21:39:26.000 PERFORMANCE - DISK_IO: Disk read/write: 922MB/s
2025-08-07 22:55:22.000 PERFORMANCE - THREAD_POOL: Active threads: 104/169
2025-08-07 21:27:07.000 PERFORMANCE - GARBAGE_COLLECTION: GC completed in 524ms, freed 320MB
2025-08-07 19:05:51.000 PERFORMANCE - CACHE_HIT_RATE: Cache hit rate for last hour: 88%
2025-08-08 02:40:48.000 PERFORMANCE - DISK_IO: Disk read/write: 306MB/s
2025-08-08 00:40:35.000 PERFORMANCE - THREAD_POOL: Active threads: 66/161
2025-08-08 01:48:03.000 PERFORMANCE - CONNECTION_POOL: Database connections: 11/57
2025-08-08 00:09:56.000 PERFORMANCE - CPU_UTILIZATION: System CPU usage: 95%
2025-08-07 18:46:16.000 PERFORMANCE - GARBAGE_COLLECTION: GC completed in 346ms, freed 217MB
2025-08-07 19:44:53.000 PERFORMANCE - RESPONSE_TIME: /api/v1/users endpoint responded in 493ms
2025-08-08 00:25:58.000 PERFORMANCE - RESPONSE_TIME: /api/v1/users endpoint responded in 1174ms
2025-08-07 23:36:24.000 PERFORMANCE - DISK_IO: Disk read/write: 853MB/s
2025-08-08 00:52:24.000 PERFORMANCE - GARBAGE_COLLECTION: GC completed in 385ms, freed 257MB
2025-08-07 22:34:36.000 PERFORMANCE - CPU_UTILIZATION: System CPU usage: 14%
2025-08-08 02:00:16.000 PERFORMANCE - THREAD_POOL: Active threads: 98/183
2025-08-07 20:42:40.000 PERFORMANCE - RESPONSE_TIME: /api/v1/users endpoint responded in 1516ms
2025-08-08 00:53:04.000 PERFORMANCE - DISK_IO: Disk read/write: 592MB/s
2025-08-08 03:34:41.000 PERFORMANCE - DATABASE_QUERY: SELECT query executed in 1839ms
2025-08-08 01:02:18.000 PERFORMANCE - DATABASE_QUERY: SELECT query executed in 1940ms
2025-08-08 02:51:47.000 PERFORMANCE - GARBAGE_COLLECTION: GC completed in 88ms, freed 127MB
2025-08-07 20:32:39.000 PERFORMANCE - CONNECTION_POOL: Database connections: 20/58
2025-08-07 22:48:45.000 PERFORMANCE - NETWORK_LATENCY: External API call latency: 824ms
2025-08-07 19:16:43.000 PERFORMANCE - DATABASE_QUERY: SELECT query executed in 4739ms
2025-08-07 19:34:24.000 PERFORMANCE - NETWORK_LATENCY: External API call latency: 883ms
2025-08-07 21:03:29.000 PERFORMANCE - CONNECTION_POOL: Database connections: 13/52
2025-08-08 00:57:48.000 PERFORMANCE - CACHE_HIT_RATE: Cache hit rate for last hour: 73%
2025-08-07 23:04:14.000 PERFORMANCE - RESPONSE_TIME: /api/v1/users endpoint responded in 1049ms
2025-08-07 21:10:08.000 PERFORMANCE - CPU_UTILIZATION: System CPU usage: 68%
2025-08-08 00:48:37.000 PERFORMANCE - DISK_IO: Disk read/write: 262MB/s
2025-08-07 23:25:57.000 PERFORMANCE - CPU_UTILIZATION: System CPU usage: 89%
2025-08-08 01:57:57.000 PERFORMANCE - GARBAGE_COLLECTION: GC completed in 526ms, freed 591MB
2025-08-07 23:45:17.000 PERFORMANCE - RESPONSE_TIME: /api/v1/users endpoint responded in 411ms
2025-08-07 18:49:26.000 PERFORMANCE - CACHE_HIT_RATE: Cache hit rate for last hour: 78%
2025-08-07 22:48:52.000 PERFORMANCE - DATABASE_QUERY: SELECT query executed in 934ms
2025-08-08 00:00:08.000 PERFORMANCE - CONNECTION_POOL: Database connections: 7/59
2025-08-08 02:16:06.000 PERFORMANCE - NETWORK_LATENCY: External API call latency: 1086ms
2025-08-08 00:01:23.000 PERFORMANCE - CACHE_HIT_RATE: Cache hit rate for last hour: 99%
2025-08-07 22:48:02.000 PERFORMANCE - DISK_IO: Disk read/write: 434MB/s
2025-08-08 01:10:54.000 PERFORMANCE - CONNECTION_POOL: Database connections: 10/58
2025-08-07 23:20:56.000 PERFORMANCE - CACHE_HIT_RATE: Cache hit rate for last hour: 91%
2025-08-07 19:17:58.000 PERFORMANCE - NETWORK_LATENCY: External API call latency: 895ms
2025-08-07 20:51:05.000 PERFORMANCE - THREAD_POOL: Active threads: 30/175
2025-08-08 00:14:49.000 PERFORMANCE - RESPONSE_TIME: /api/v1/users endpoint responded in 2071ms
2025-08-08 03:09:32.000 PERFORMANCE - GARBAGE_COLLECTION: GC completed in 431ms, freed 303MB
2025-08-07 19:40:48.000 PERFORMANCE - CONNECTION_POOL: Database connections: 20/57
2025-08-07 19:11:38.000 PERFORMANCE - CONNECTION_POOL: Database connections: 23/59
2025-08-07 21:54:18.000 PERFORMANCE - DATABASE_QUERY: SELECT query executed in 4062ms
2025-08-08 03:02:49.000 PERFORMANCE - DATABASE_QUERY: SELECT query executed in 4612ms
2025-08-08 00:50:05.000 PERFORMANCE - RESPONSE_TIME: /api/v1/users endpoint responded in 1193ms
2025-08-08 03:19:07.000 PERFORMANCE - THREAD_POOL: Active threads: 97/159
2025-08-08 01:41:47.000 PERFORMANCE - GARBAGE_COLLECTION: GC completed in 535ms, freed 396MB
2025-08-08 02:03:21.000 PERFORMANCE - CONNECTION_POOL: Database connections: 6/55
2025-08-07 19:40:22.000 PERFORMANCE - THREAD_POOL: Active threads: 33/195
2025-08-07 19:46:29.000 PERFORMANCE - DATABASE_QUERY: SELECT query executed in 1314ms
2025-08-07 23:22:19.000 PERFORMANCE - CACHE_HIT_RATE: Cache hit rate for last hour: 75%
2025-08-07 20:05:09.000 PERFORMANCE - CPU_UTILIZATION: System CPU usage: 55%
2025-08-08 00:27:48.000 PERFORMANCE - THREAD_POOL: Active threads: 105/169
2025-08-08 02:31:25.000 PERFORMANCE - MEMORY_USAGE: Heap memory usage: 55% (2285MB)
2025-08-07 20:06:02.000 PERFORMANCE - RESPONSE_TIME: /api/v1/users endpoint responded in 628ms
2025-08-07 22:30:03.000 PERFORMANCE - DISK_IO: Disk read/write: 486MB/s
2025-08-08 00:55:31.000 PERFORMANCE - CONNECTION_POOL: Database connections: 5/55
2025-08-08 03:32:29.000 PERFORMANCE - CONNECTION_POOL: Database connections: 9/57
2025-08-07 21:49:10.000 PERFORMANCE - NETWORK_LATENCY: External API call latency: 144ms
2025-08-07 19:34:00.000 PERFORMANCE - RESPONSE_TIME: /api/v1/users endpoint responded in 334ms
2025-08-08 01:07:49.000 PERFORMANCE - CONNECTION_POOL: Database connections: 16/55
2025-08-08 03:05:17.000 PERFORMANCE - THREAD_POOL: Active threads: 70/187
2025-08-08 03:33:58.000 PERFORMANCE - MEMORY_USAGE: Heap memory usage: 67% (1061MB)
2025-08-07 19:14:47.000 PERFORMANCE - CPU_UTILIZATION: System CPU usage: 27%
2025-08-07 20:36:12.000 PERFORMANCE - NETWORK_LATENCY: External API call latency: 1062ms
2025-08-08 03:16:29.000 PERFORMANCE - DISK_IO: Disk read/write: 382MB/s
2025-08-08 00:51:25.000 PERFORMANCE - CACHE_HIT_RATE: Cache hit rate for last hour: 93%
2025-08-08 03:11:34.000 PERFORMANCE - RESPONSE_TIME: /api/v1/users endpoint responded in 518ms
2025-08-07 23:31:08.000 PERFORMANCE - CACHE_HIT_RATE: Cache hit rate for last hour: 83%
2025-08-08 03:25:06.000 PERFORMANCE - THREAD_POOL: Active threads: 67/159
2025-08-08 02:51:36.000 PERFORMANCE - THREAD_POOL: Active threads: 19/156
2025-08-07 21:36:45.000 PERFORMANCE - CPU_UTILIZATION: System CPU usage: 88%
2025-08-07 21:11:13.000 PERFORMANCE - CPU_UTILIZATION: System CPU usage: 15%
2025-08-07 22:49:52.000 PERFORMANCE - DISK_IO: Disk read/write: 583MB/s
2025-08-07 20:32:19.000 PERFORMANCE - DATABASE_QUERY: SELECT query executed in 525ms
2025-08-07 19:00:38.000 PERFORMANCE - CACHE_HIT_RATE: Cache hit rate for last hour: 73%
2025-08-07 19:44:04.000 PERFORMANCE - NETWORK_LATENCY: External API call latency: 1044ms
2025-08-07 23:26:35.000 PERFORMANCE - MEMORY_USAGE: Heap memory usage: 67% (999MB)
2025-08-07 22:21:15.000 PERFORMANCE - DATABASE_QUERY: SELECT query executed in 1448ms
2025-08-07 20:00:00.000 PERFORMANCE - MEMORY_USAGE: Heap memory usage: 32% (1724MB)
2025-08-07 20:40:16.000 PERFORMANCE - RESPONSE_TIME: /api/v1/users endpoint responded in 1799ms
2025-08-08 00:27:54.000 PERFORMANCE - MEMORY_USAGE: Heap memory usage: 88% (1997MB)
2025-08-07 19:50:21.000 PERFORMANCE - GARBAGE_COLLECTION: GC completed in 156ms, freed 329MB
2025-08-07 19:13:50.000 PERFORMANCE - RESPONSE_TIME: /api/v1/users endpoint responded in 201ms
2025-08-07 19:27:18.000 PERFORMANCE - CONNECTION_POOL: Database connections: 21/52
2025-08-08 03:41:29.000 PERFORMANCE - THREAD_POOL: Active threads: 31/178
2025-08-08 01:12:45.000 PERFORMANCE - CONNECTION_POOL: Database connections: 22/55
2025-08-08 01:30:44.000 PERFORMANCE - CONNECTION_POOL: Database connections: 8/53
2025-08-08 02:56:19.000 PERFORMANCE - THREAD_POOL: Active threads: 81/192
2025-08-08 02:33:45.000 PERFORMANCE - DATABASE_QUERY: SELECT query executed in 4387ms
2025-08-08 00:06:14.000 PERFORMANCE - DISK_IO: Disk read/write: 272MB/s
2025-08-07 20:08:01.000 PERFORMANCE - CONNECTION_POOL: Database connections: 21/54
2025-08-07 19:58:07.000 PERFORMANCE - GARBAGE_COLLECTION: GC completed in 360ms, freed 508MB
2025-08-08 00:46:24.000 PERFORMANCE - CONNECTION_POOL: Database connections: 21/50
2025-08-08 01:51:42.000 PERFORMANCE - CONNECTION_POOL: Database connections: 21/58
2025-08-07 22:23:14.000 PERFORMANCE - MEMORY_USAGE: Heap memory usage: 61% (1708MB)
2025-08-07 22:33:49.000 PERFORMANCE - CONNECTION_POOL: Database connections: 22/56
2025-08-07 19:33:31.000 PERFORMANCE - CONNECTION_POOL: Database connections: 23/55
2025-08-07 19:28:17.000 PERFORMANCE - MEMORY_USAGE: Heap memory usage: 28% (1828MB)
2025-08-08 03:21:14.000 PERFORMANCE - MEMORY_USAGE: Heap memory usage: 83% (2193MB)
2025-08-07 19:30:58.000 PERFORMANCE - MEMORY_USAGE: Heap memory usage: 61% (2255MB)
2025-08-07 19:41:54.000 PERFORMANCE - NETWORK_LATENCY: External API call latency: 269ms
2025-08-07 19:44:40.000 PERFORMANCE - RESPONSE_TIME: /api/v1/users endpoint responded in 1092ms
2025-08-07 21:59:53.000 PERFORMANCE - CACHE_HIT_RATE: Cache hit rate for last hour: 95%
2025-08-08 00:44:05.000 PERFORMANCE - DATABASE_QUERY: SELECT query executed in 867ms
2025-08-07 21:14:33.000 PERFORMANCE - CACHE_HIT_RATE: Cache hit rate for last hour: 64%
2025-08-07 19:56:49.000 PERFORMANCE - NETWORK_LATENCY: External API call latency: 214ms
2025-08-07 23:11:10.000 PERFORMANCE - DATABASE_QUERY: SELECT query executed in 2169ms
2025-08-08 02:48:05.000 PERFORMANCE - CONNECTION_POOL: Database connections: 13/59
2025-08-08 00:40:52.000 PERFORMANCE - MEMORY_USAGE: Heap memory usage: 41% (1192MB)
2025-08-08 01:40:21.000 PERFORMANCE - CACHE_HIT_RATE: Cache hit rate for last hour: 71%
2025-08-07 22:22:48.000 PERFORMANCE - THREAD_POOL: Active threads: 72/159
2025-08-07 19:38:25.000 PERFORMANCE - THREAD_POOL: Active threads: 33/174
2025-08-07 19:24:18.000 PERFORMANCE - RESPONSE_TIME: /api/v1/users endpoint responded in 1574ms
2025-08-07 19:43:01.000 PERFORMANCE - NETWORK_LATENCY: External API call latency: 896ms
2025-08-07 19:34:53.000 PERFORMANCE - CACHE_HIT_RATE: Cache hit rate for last hour: 78%
2025-08-07 23:50:39.000 PERFORMANCE - MEMORY_USAGE: Heap memory usage: 59% (1996MB)
2025-08-08 00:45:18.000 PERFORMANCE - DISK_IO: Disk read/write: 982MB/s
2025-08-07 22:40:29.000 PERFORMANCE - THREAD_POOL: Active threads: 52/193
2025-08-08 02:27:06.000 PERFORMANCE - MEMORY_USAGE: Heap memory usage: 76% (1106MB)
2025-08-07 19:11:01.000 PERFORMANCE - THREAD_POOL: Active threads: 74/198
2025-08-07 22:00:08.000 PERFORMANCE - DISK_IO: Disk read/write: 706MB/s
2025-08-08 03:03:10.000 PERFORMANCE - CACHE_HIT_RATE: Cache hit rate for last hour: 77%
2025-08-07 23:23:13.000 PERFORMANCE - CACHE_HIT_RATE: Cache hit rate for last hour: 76%
2025-08-08 02:51:27.000 PERFORMANCE - MEMORY_USAGE: Heap memory usage: 40% (2426MB)
2025-08-07 19:17:13.000 PERFORMANCE - RESPONSE_TIME: /api/v1/users endpoint responded in 237ms
2025-08-08 00:05:02.000 PERFORMANCE - CPU_UTILIZATION: System CPU usage: 45%
2025-08-08 03:32:42.000 PERFORMANCE - THREAD_POOL: Active threads: 53/174
2025-08-07 20:48:17.000 PERFORMANCE - NETWORK_LATENCY: External API call latency: 152ms
2025-08-07 22:24:51.000 PERFORMANCE - THREAD_POOL: Active threads: 103/184
2025-08-08 00:13:33.000 PERFORMANCE - THREAD_POOL: Active threads: 95/160
2025-08-07 18:51:28.000 PERFORMANCE - GARBAGE_COLLECTION: GC completed in 341ms, freed 530MB
2025-08-07 19:06:43.000 PERFORMANCE - THREAD_POOL: Active threads: 88/157
2025-08-07 18:44:58.000 PERFORMANCE - MEMORY_USAGE: Heap memory usage: 70% (1182MB)
2025-08-08 01:46:02.000 PERFORMANCE - DATABASE_QUERY: SELECT query executed in 5033ms
2025-08-08 00:35:55.000 PERFORMANCE - CACHE_HIT_RATE: Cache hit rate for last hour: 72%
2025-08-07 18:57:34.000 PERFORMANCE - CPU_UTILIZATION: System CPU usage: 50%
2025-08-08 02:20:44.000 PERFORMANCE - CONNECTION_POOL: Database connections: 8/58
2025-08-08 03:10:48.000 PERFORMANCE - DATABASE_QUERY: SELECT query executed in 4962ms
2025-08-07 22:22:44.000 PERFORMANCE - CACHE_HIT_RATE: Cache hit rate for last hour: 72%
2025-08-08 02:20:03.000 PERFORMANCE - DISK_IO: Disk read/write: 1025MB/s
2025-08-08 00:34:11.000 PERFORMANCE - CONNECTION_POOL: Database connections: 24/54
2025-08-08 00:47:52.000 PERFORMANCE - CPU_UTILIZATION: System CPU usage: 46%
2025-08-08 00:32:42.000 PERFORMANCE - THREAD_POOL: Active threads: 20/189
2025-08-08 01:26:55.000 PERFORMANCE - DATABASE_QUERY: SELECT query executed in 3235ms
2025-08-07 22:03:26.000 PERFORMANCE - CONNECTION_POOL: Database connections: 14/58
2025-08-07 19:07:13.000 PERFORMANCE - GARBAGE_COLLECTION: GC completed in 546ms, freed 537MB
2025-08-07 21:12:12.000 PERFORMANCE - CONNECTION_POOL: Database connections: 19/56
2025-08-07 21:51:02.000 PERFORMANCE - RESPONSE_TIME: /api/v1/users endpoint responded in 896ms
2025-08-08 02:13:11.000 PERFORMANCE - THREAD_POOL: Active threads: 22/158
2025-08-07 19:03:45.000 PERFORMANCE - RESPONSE_TIME: /api/v1/users endpoint responded in 491ms
2025-08-07 18:52:25.000 PERFORMANCE - DATABASE_QUERY: SELECT query executed in 818ms
